2025-08-26 14:13:54,225 - httpx - INFO - HTTP Request: GET https://efcdjsrumdrhmpingglp.supabase.co/rest/v1/platform_stores?select=platform_store_id%2C%20platform_id%2C%20platform_pw%2C%20store_name&id=eq.2b509c12-4575-4610-b13c-a6bd35571c5d&platform=eq.coupangeats "HTTP/1.1 200 OK"
2025-08-26 14:13:54,279 - httpx - INFO - HTTP Request: GET https://efcdjsrumdrhmpingglp.supabase.co/rest/v1/reviews_coupangeats?select=id%2C%20coupangeats_review_id%2C%20reviewer_name%2C%20review_text%2C%20reply_text%2C%20reply_status&platform_store_id=eq.2b509c12-4575-4610-b13c-a6bd35571c5d&reply_status=eq.draft&reply_text=neq.None&limit=5 "HTTP/1.1 200 OK"
2025-08-26 14:16:29,105 - httpx - INFO - HTTP Request: GET https://efcdjsrumdrhmpingglp.supabase.co/rest/v1/platform_stores?select=platform_store_id%2C%20platform_id%2C%20platform_pw%2C%20store_name&id=eq.2b509c12-4575-4610-b13c-a6bd35571c5d&platform=eq.coupangeats "HTTP/1.1 200 OK"
2025-08-26 14:16:29,201 - httpx - INFO - HTTP Request: GET https://efcdjsrumdrhmpingglp.supabase.co/rest/v1/reviews_coupangeats?select=id%2C%20coupangeats_review_id%2C%20reviewer_name%2C%20review_text%2C%20reply_text%2C%20reply_status&platform_store_id=eq.2b509c12-4575-4610-b13c-a6bd35571c5d&reply_status=eq.draft&reply_text=neq.None&limit=3 "HTTP/1.1 200 OK"
2025-08-26 14:19:58,476 - httpx - INFO - HTTP Request: GET https://efcdjsrumdrhmpingglp.supabase.co/rest/v1/platform_stores?select=platform_store_id%2C%20platform_id%2C%20platform_pw%2C%20store_name&id=eq.2b509c12-4575-4610-b13c-a6bd35571c5d&platform=eq.coupangeats "HTTP/1.1 200 OK"
2025-08-26 14:19:58,540 - httpx - INFO - HTTP Request: GET https://efcdjsrumdrhmpingglp.supabase.co/rest/v1/reviews_coupangeats?select=id%2C%20coupangeats_review_id%2C%20reviewer_name%2C%20review_text%2C%20reply_text%2C%20reply_status&platform_store_id=eq.2b509c12-4575-4610-b13c-a6bd35571c5d&reply_status=eq.draft&reply_text=neq.None&limit=2 "HTTP/1.1 200 OK"
2025-08-26 14:21:09,361 - httpx - INFO - HTTP Request: GET https://efcdjsrumdrhmpingglp.supabase.co/rest/v1/platform_stores?select=platform_store_id%2C%20platform_id%2C%20platform_pw%2C%20store_name&id=eq.2b509c12-4575-4610-b13c-a6bd35571c5d&platform=eq.coupangeats "HTTP/1.1 200 OK"
2025-08-26 14:21:09,439 - httpx - INFO - HTTP Request: GET https://efcdjsrumdrhmpingglp.supabase.co/rest/v1/reviews_coupangeats?select=id%2C%20coupangeats_review_id%2C%20reviewer_name%2C%20review_text%2C%20reply_text%2C%20reply_status&platform_store_id=eq.2b509c12-4575-4610-b13c-a6bd35571c5d&reply_status=eq.draft&reply_text=neq.None&limit=5 "HTTP/1.1 200 OK"
2025-08-26 14:21:33,090 - httpx - INFO - HTTP Request: PATCH https://efcdjsrumdrhmpingglp.supabase.co/rest/v1/reviews_coupangeats?id=eq.cdd63d5e-92a8-44df-aee3-112907b9eb74 "HTTP/1.1 400 Bad Request"
2025-08-26 14:21:38,568 - httpx - INFO - HTTP Request: PATCH https://efcdjsrumdrhmpingglp.supabase.co/rest/v1/reviews_coupangeats?id=eq.61bde366-b7dd-4889-bba7-fb0a35bb4103 "HTTP/1.1 400 Bad Request"
2025-08-26 14:21:40,633 - httpx - INFO - HTTP Request: PATCH https://efcdjsrumdrhmpingglp.supabase.co/rest/v1/reviews_coupangeats?id=eq.6e83cd68-b039-4a8b-91bd-8d1c9d1eb3a5 "HTTP/1.1 400 Bad Request"
2025-08-26 14:21:42,978 - httpx - INFO - HTTP Request: PATCH https://efcdjsrumdrhmpingglp.supabase.co/rest/v1/reviews_coupangeats?id=eq.94c5437c-7b05-4938-8f6a-c5c24a9080f9 "HTTP/1.1 400 Bad Request"
2025-08-26 14:21:45,032 - httpx - INFO - HTTP Request: PATCH https://efcdjsrumdrhmpingglp.supabase.co/rest/v1/reviews_coupangeats?id=eq.fc9953b3-1ec1-4764-9683-e6431d69389a "HTTP/1.1 400 Bad Request"
2025-08-26 14:23:55,593 - httpx - INFO - HTTP Request: GET https://efcdjsrumdrhmpingglp.supabase.co/rest/v1/platform_stores?select=platform_store_id%2C%20platform_id%2C%20platform_pw%2C%20store_name&id=eq.2b509c12-4575-4610-b13c-a6bd35571c5d&platform=eq.coupangeats "HTTP/1.1 200 OK"
2025-08-26 14:23:55,657 - httpx - INFO - HTTP Request: GET https://efcdjsrumdrhmpingglp.supabase.co/rest/v1/reviews_coupangeats?select=id%2C%20coupangeats_review_id%2C%20reviewer_name%2C%20review_text%2C%20reply_text%2C%20reply_status&platform_store_id=eq.2b509c12-4575-4610-b13c-a6bd35571c5d&reply_status=eq.draft&reply_text=neq.None&limit=2 "HTTP/1.1 200 OK"
2025-08-26 14:24:27,975 - httpx - INFO - HTTP Request: GET https://efcdjsrumdrhmpingglp.supabase.co/rest/v1/platform_stores?select=platform_store_id%2C%20platform_id%2C%20platform_pw%2C%20store_name&id=eq.2b509c12-4575-4610-b13c-a6bd35571c5d&platform=eq.coupangeats "HTTP/1.1 200 OK"
2025-08-26 14:24:28,021 - httpx - INFO - HTTP Request: GET https://efcdjsrumdrhmpingglp.supabase.co/rest/v1/reviews_coupangeats?select=id%2C%20coupangeats_review_id%2C%20reviewer_name%2C%20review_text%2C%20reply_text%2C%20reply_status&platform_store_id=eq.2b509c12-4575-4610-b13c-a6bd35571c5d&reply_status=eq.draft&reply_text=neq.None&limit=2 "HTTP/1.1 200 OK"
2025-08-26 14:24:51,446 - httpx - INFO - HTTP Request: PATCH https://efcdjsrumdrhmpingglp.supabase.co/rest/v1/reviews_coupangeats?id=eq.cdd63d5e-92a8-44df-aee3-112907b9eb74 "HTTP/1.1 200 OK"
2025-08-26 14:24:53,589 - httpx - INFO - HTTP Request: PATCH https://efcdjsrumdrhmpingglp.supabase.co/rest/v1/reviews_coupangeats?id=eq.61bde366-b7dd-4889-bba7-fb0a35bb4103 "HTTP/1.1 200 OK"
2025-08-26 14:27:30,636 - httpx - INFO - HTTP Request: GET https://efcdjsrumdrhmpingglp.supabase.co/rest/v1/platform_stores?select=platform_store_id%2C%20platform_id%2C%20platform_pw%2C%20store_name&id=eq.2b509c12-4575-4610-b13c-a6bd35571c5d&platform=eq.coupangeats "HTTP/1.1 200 OK"
2025-08-26 14:27:30,721 - httpx - INFO - HTTP Request: GET https://efcdjsrumdrhmpingglp.supabase.co/rest/v1/reviews_coupangeats?select=id%2C%20coupangeats_review_id%2C%20reviewer_name%2C%20review_text%2C%20reply_text%2C%20reply_status&platform_store_id=eq.2b509c12-4575-4610-b13c-a6bd35571c5d&reply_status=eq.draft&reply_text=neq.None&limit=2 "HTTP/1.1 200 OK"
2025-08-26 14:28:05,058 - httpx - INFO - HTTP Request: GET https://efcdjsrumdrhmpingglp.supabase.co/rest/v1/platform_stores?select=platform_store_id%2C%20platform_id%2C%20platform_pw%2C%20store_name&id=eq.2b509c12-4575-4610-b13c-a6bd35571c5d&platform=eq.coupangeats "HTTP/1.1 200 OK"
2025-08-26 14:28:05,108 - httpx - INFO - HTTP Request: GET https://efcdjsrumdrhmpingglp.supabase.co/rest/v1/reviews_coupangeats?select=id%2C%20coupangeats_review_id%2C%20reviewer_name%2C%20review_text%2C%20reply_text%2C%20reply_status&platform_store_id=eq.2b509c12-4575-4610-b13c-a6bd35571c5d&reply_status=eq.draft&reply_text=neq.None&limit=1 "HTTP/1.1 200 OK"
2025-08-26 14:28:28,197 - httpx - INFO - HTTP Request: PATCH https://efcdjsrumdrhmpingglp.supabase.co/rest/v1/reviews_coupangeats?id=eq.6e83cd68-b039-4a8b-91bd-8d1c9d1eb3a5 "HTTP/1.1 200 OK"
2025-08-26 14:30:29,597 - httpx - INFO - HTTP Request: GET https://efcdjsrumdrhmpingglp.supabase.co/rest/v1/platform_stores?select=platform_store_id%2C%20platform_id%2C%20platform_pw%2C%20store_name&id=eq.2b509c12-4575-4610-b13c-a6bd35571c5d&platform=eq.coupangeats "HTTP/1.1 200 OK"
2025-08-26 14:30:29,665 - httpx - INFO - HTTP Request: GET https://efcdjsrumdrhmpingglp.supabase.co/rest/v1/reviews_coupangeats?select=id%2C%20coupangeats_review_id%2C%20reviewer_name%2C%20review_text%2C%20reply_text%2C%20reply_status&platform_store_id=eq.2b509c12-4575-4610-b13c-a6bd35571c5d&reply_status=eq.draft&reply_text=neq.None&limit=5 "HTTP/1.1 200 OK"
2025-08-26 14:30:52,919 - httpx - INFO - HTTP Request: PATCH https://efcdjsrumdrhmpingglp.supabase.co/rest/v1/reviews_coupangeats?id=eq.94c5437c-7b05-4938-8f6a-c5c24a9080f9 "HTTP/1.1 200 OK"
2025-08-26 14:30:54,998 - httpx - INFO - HTTP Request: PATCH https://efcdjsrumdrhmpingglp.supabase.co/rest/v1/reviews_coupangeats?id=eq.fc9953b3-1ec1-4764-9683-e6431d69389a "HTTP/1.1 200 OK"
2025-08-26 14:30:57,092 - httpx - INFO - HTTP Request: PATCH https://efcdjsrumdrhmpingglp.supabase.co/rest/v1/reviews_coupangeats?id=eq.1d778e86-77a8-4504-bfa3-e80c4fbfccef "HTTP/1.1 200 OK"
2025-08-26 14:30:59,168 - httpx - INFO - HTTP Request: PATCH https://efcdjsrumdrhmpingglp.supabase.co/rest/v1/reviews_coupangeats?id=eq.b20c49a5-3229-4399-9398-131353a07881 "HTTP/1.1 200 OK"
2025-08-26 14:31:01,244 - httpx - INFO - HTTP Request: PATCH https://efcdjsrumdrhmpingglp.supabase.co/rest/v1/reviews_coupangeats?id=eq.9cc53cf4-d5f4-41cf-a145-9649c955e93b "HTTP/1.1 200 OK"
2025-08-26 14:35:18,628 - httpx - INFO - HTTP Request: GET https://efcdjsrumdrhmpingglp.supabase.co/rest/v1/platform_stores?select=platform_store_id%2C%20platform_id%2C%20platform_pw%2C%20store_name&id=eq.2b509c12-4575-4610-b13c-a6bd35571c5d&platform=eq.coupangeats "HTTP/1.1 200 OK"
2025-08-26 14:35:18,682 - httpx - INFO - HTTP Request: GET https://efcdjsrumdrhmpingglp.supabase.co/rest/v1/reviews_coupangeats?select=id%2C%20coupangeats_review_id%2C%20reviewer_name%2C%20review_text%2C%20reply_text%2C%20reply_status&platform_store_id=eq.2b509c12-4575-4610-b13c-a6bd35571c5d&reply_status=eq.draft&reply_text=neq.None&limit=1 "HTTP/1.1 200 OK"
2025-08-26 14:35:52,297 - httpx - INFO - HTTP Request: GET https://efcdjsrumdrhmpingglp.supabase.co/rest/v1/platform_stores?select=platform_store_id%2C%20platform_id%2C%20platform_pw%2C%20store_name&id=eq.2b509c12-4575-4610-b13c-a6bd35571c5d&platform=eq.coupangeats "HTTP/1.1 200 OK"
2025-08-26 14:35:52,379 - httpx - INFO - HTTP Request: GET https://efcdjsrumdrhmpingglp.supabase.co/rest/v1/reviews_coupangeats?select=id%2C%20coupangeats_review_id%2C%20reviewer_name%2C%20review_text%2C%20reply_text%2C%20reply_status&platform_store_id=eq.2b509c12-4575-4610-b13c-a6bd35571c5d&reply_status=eq.draft&reply_text=neq.None&limit=3 "HTTP/1.1 200 OK"
2025-08-26 14:36:42,611 - httpx - INFO - HTTP Request: GET https://efcdjsrumdrhmpingglp.supabase.co/rest/v1/platform_stores?select=platform_store_id%2C%20platform_id%2C%20platform_pw%2C%20store_name&id=eq.2b509c12-4575-4610-b13c-a6bd35571c5d&platform=eq.coupangeats "HTTP/1.1 200 OK"
2025-08-26 14:36:42,688 - httpx - INFO - HTTP Request: GET https://efcdjsrumdrhmpingglp.supabase.co/rest/v1/reviews_coupangeats?select=id%2C%20coupangeats_review_id%2C%20reviewer_name%2C%20review_text%2C%20reply_text%2C%20reply_status&platform_store_id=eq.2b509c12-4575-4610-b13c-a6bd35571c5d&reply_status=eq.draft&reply_text=neq.None&limit=1 "HTTP/1.1 200 OK"
2025-08-26 14:37:06,485 - httpx - INFO - HTTP Request: PATCH https://efcdjsrumdrhmpingglp.supabase.co/rest/v1/reviews_coupangeats?id=eq.6c5d80a8-bcb9-48ed-aefa-09d830406c76 "HTTP/1.1 200 OK"
2025-08-26 14:48:16,996 - httpx - INFO - HTTP Request: GET https://efcdjsrumdrhmpingglp.supabase.co/rest/v1/platform_stores?select=platform_store_id%2C%20platform_id%2C%20platform_pw%2C%20store_name&id=eq.2b509c12-4575-4610-b13c-a6bd35571c5d&platform=eq.coupangeats "HTTP/1.1 200 OK"
2025-08-26 14:48:17,065 - httpx - INFO - HTTP Request: GET https://efcdjsrumdrhmpingglp.supabase.co/rest/v1/reviews_coupangeats?select=id%2C%20coupangeats_review_id%2C%20reviewer_name%2C%20review_text%2C%20reply_text%2C%20reply_status&platform_store_id=eq.2b509c12-4575-4610-b13c-a6bd35571c5d&reply_status=eq.draft&reply_text=neq.None&limit=5 "HTTP/1.1 200 OK"
2025-08-26 14:48:40,516 - httpx - INFO - HTTP Request: PATCH https://efcdjsrumdrhmpingglp.supabase.co/rest/v1/reviews_coupangeats?id=eq.c5229d79-3b31-44a7-a4fa-494734208ae3 "HTTP/1.1 200 OK"
2025-08-26 14:48:42,829 - httpx - INFO - HTTP Request: PATCH https://efcdjsrumdrhmpingglp.supabase.co/rest/v1/reviews_coupangeats?id=eq.3d37bda4-79f4-4d4b-a3ad-e960d51009a1 "HTTP/1.1 200 OK"
2025-08-26 14:48:45,172 - httpx - INFO - HTTP Request: PATCH https://efcdjsrumdrhmpingglp.supabase.co/rest/v1/reviews_coupangeats?id=eq.61aecbda-4a1b-4f6c-bd55-112ec0905113 "HTTP/1.1 200 OK"
2025-08-26 14:59:42,563 - httpx - INFO - HTTP Request: GET https://efcdjsrumdrhmpingglp.supabase.co/rest/v1/platform_stores?select=platform_store_id%2C%20platform_id%2C%20platform_pw%2C%20store_name&id=eq.2b509c12-4575-4610-b13c-a6bd35571c5d&platform=eq.coupangeats "HTTP/1.1 200 OK"
2025-08-26 14:59:42,650 - httpx - INFO - HTTP Request: GET https://efcdjsrumdrhmpingglp.supabase.co/rest/v1/reviews_coupangeats?select=id%2C%20coupangeats_review_id%2C%20reviewer_name%2C%20review_text%2C%20reply_text%2C%20reply_status&platform_store_id=eq.2b509c12-4575-4610-b13c-a6bd35571c5d&reply_status=eq.draft&reply_text=neq.None&limit=1 "HTTP/1.1 200 OK"
2025-08-26 14:59:52,578 - httpx - INFO - HTTP Request: GET https://efcdjsrumdrhmpingglp.supabase.co/rest/v1/platform_stores?select=platform_store_id%2C%20platform_id%2C%20platform_pw%2C%20store_name&id=eq.2b509c12-4575-4610-b13c-a6bd35571c5d&platform=eq.coupangeats "HTTP/1.1 200 OK"
2025-08-26 14:59:52,641 - httpx - INFO - HTTP Request: GET https://efcdjsrumdrhmpingglp.supabase.co/rest/v1/reviews_coupangeats?select=id%2C%20coupangeats_review_id%2C%20reviewer_name%2C%20review_text%2C%20reply_text%2C%20reply_status&platform_store_id=eq.2b509c12-4575-4610-b13c-a6bd35571c5d&reply_status=eq.draft&reply_text=neq.None&limit=5 "HTTP/1.1 200 OK"
2025-08-26 15:00:35,373 - httpx - INFO - HTTP Request: GET https://efcdjsrumdrhmpingglp.supabase.co/rest/v1/platform_stores?select=platform_store_id%2C%20platform_id%2C%20platform_pw%2C%20store_name&id=eq.2b509c12-4575-4610-b13c-a6bd35571c5d&platform=eq.coupangeats "HTTP/1.1 200 OK"
2025-08-26 15:00:35,435 - httpx - INFO - HTTP Request: GET https://efcdjsrumdrhmpingglp.supabase.co/rest/v1/reviews_coupangeats?select=id%2C%20coupangeats_review_id%2C%20reviewer_name%2C%20review_text%2C%20reply_text%2C%20reply_status&platform_store_id=eq.2b509c12-4575-4610-b13c-a6bd35571c5d&reply_status=eq.draft&reply_text=neq.None&limit=5 "HTTP/1.1 200 OK"
2025-08-26 15:02:52,424 - httpx - INFO - HTTP Request: GET https://efcdjsrumdrhmpingglp.supabase.co/rest/v1/platform_stores?select=platform_store_id%2C%20platform_id%2C%20platform_pw%2C%20store_name&id=eq.2b509c12-4575-4610-b13c-a6bd35571c5d&platform=eq.coupangeats "HTTP/1.1 200 OK"
2025-08-26 15:02:52,471 - httpx - INFO - HTTP Request: GET https://efcdjsrumdrhmpingglp.supabase.co/rest/v1/reviews_coupangeats?select=id%2C%20coupangeats_review_id%2C%20reviewer_name%2C%20review_text%2C%20reply_text%2C%20reply_status&platform_store_id=eq.2b509c12-4575-4610-b13c-a6bd35571c5d&reply_status=eq.draft&reply_text=neq.None&limit=5 "HTTP/1.1 200 OK"
2025-08-26 15:03:15,836 - httpx - INFO - HTTP Request: PATCH https://efcdjsrumdrhmpingglp.supabase.co/rest/v1/reviews_coupangeats?id=eq.61bde366-b7dd-4889-bba7-fb0a35bb4103 "HTTP/1.1 200 OK"
2025-08-26 15:03:17,897 - httpx - INFO - HTTP Request: PATCH https://efcdjsrumdrhmpingglp.supabase.co/rest/v1/reviews_coupangeats?id=eq.cdd63d5e-92a8-44df-aee3-112907b9eb74 "HTTP/1.1 200 OK"
2025-08-26 15:03:19,944 - httpx - INFO - HTTP Request: PATCH https://efcdjsrumdrhmpingglp.supabase.co/rest/v1/reviews_coupangeats?id=eq.fc9953b3-1ec1-4764-9683-e6431d69389a "HTTP/1.1 200 OK"
2025-08-26 15:03:22,002 - httpx - INFO - HTTP Request: PATCH https://efcdjsrumdrhmpingglp.supabase.co/rest/v1/reviews_coupangeats?id=eq.b20c49a5-3229-4399-9398-131353a07881 "HTTP/1.1 200 OK"
2025-08-26 15:03:24,057 - httpx - INFO - HTTP Request: PATCH https://efcdjsrumdrhmpingglp.supabase.co/rest/v1/reviews_coupangeats?id=eq.9cc53cf4-d5f4-41cf-a145-9649c955e93b "HTTP/1.1 200 OK"
2025-08-26 15:07:15,435 - httpx - INFO - HTTP Request: GET https://efcdjsrumdrhmpingglp.supabase.co/rest/v1/platform_stores?select=platform_store_id%2C%20platform_id%2C%20platform_pw%2C%20store_name&id=eq.test-uuid&platform=eq.coupangeats "HTTP/1.1 400 Bad Request"
2025-08-26 15:08:06,333 - httpx - INFO - HTTP Request: GET https://efcdjsrumdrhmpingglp.supabase.co/rest/v1/platform_stores?select=platform_store_id%2C%20platform_id%2C%20platform_pw%2C%20store_name&id=eq.2b509c12-4575-4610-b13c-a6bd35571c5d&platform=eq.coupangeats "HTTP/1.1 200 OK"
2025-08-26 15:08:06,404 - httpx - INFO - HTTP Request: GET https://efcdjsrumdrhmpingglp.supabase.co/rest/v1/reviews_coupangeats?select=id%2C%20coupangeats_review_id%2C%20reviewer_name%2C%20review_text%2C%20reply_text%2C%20reply_status&platform_store_id=eq.2b509c12-4575-4610-b13c-a6bd35571c5d&reply_status=eq.draft&reply_text=neq.None&limit=3 "HTTP/1.1 200 OK"
2025-08-26 15:31:22,799 - httpx - INFO - HTTP Request: GET https://efcdjsrumdrhmpingglp.supabase.co/rest/v1/platform_stores?select=platform_store_id%2C%20platform_id%2C%20platform_pw%2C%20store_name&id=eq.2b509c12-4575-4610-b13c-a6bd35571c5d&platform=eq.coupangeats "HTTP/1.1 200 OK"
2025-08-26 15:31:22,869 - httpx - INFO - HTTP Request: GET https://efcdjsrumdrhmpingglp.supabase.co/rest/v1/reviews_coupangeats?select=id%2C%20coupangeats_review_id%2C%20reviewer_name%2C%20review_text%2C%20reply_text%2C%20reply_status&platform_store_id=eq.2b509c12-4575-4610-b13c-a6bd35571c5d&reply_status=eq.draft&reply_text=neq.None&limit=3 "HTTP/1.1 200 OK"
2025-08-26 15:31:55,788 - httpx - INFO - HTTP Request: GET https://efcdjsrumdrhmpingglp.supabase.co/rest/v1/platform_stores?select=platform_store_id%2C%20platform_id%2C%20platform_pw%2C%20store_name&id=eq.2b509c12-4575-4610-b13c-a6bd35571c5d&platform=eq.coupangeats "HTTP/1.1 200 OK"
2025-08-26 15:31:55,854 - httpx - INFO - HTTP Request: GET https://efcdjsrumdrhmpingglp.supabase.co/rest/v1/reviews_coupangeats?select=id%2C%20coupangeats_review_id%2C%20reviewer_name%2C%20review_text%2C%20reply_text%2C%20reply_status&platform_store_id=eq.2b509c12-4575-4610-b13c-a6bd35571c5d&reply_status=eq.draft&reply_text=neq.None&limit=5 "HTTP/1.1 200 OK"
2025-08-26 15:32:19,535 - httpx - INFO - HTTP Request: PATCH https://efcdjsrumdrhmpingglp.supabase.co/rest/v1/reviews_coupangeats?id=eq.cdd63d5e-92a8-44df-aee3-112907b9eb74 "HTTP/1.1 200 OK"
2025-08-26 15:32:21,883 - httpx - INFO - HTTP Request: PATCH https://efcdjsrumdrhmpingglp.supabase.co/rest/v1/reviews_coupangeats?id=eq.61bde366-b7dd-4889-bba7-fb0a35bb4103 "HTTP/1.1 200 OK"
2025-08-26 15:32:24,251 - httpx - INFO - HTTP Request: PATCH https://efcdjsrumdrhmpingglp.supabase.co/rest/v1/reviews_coupangeats?id=eq.fc9953b3-1ec1-4764-9683-e6431d69389a "HTTP/1.1 200 OK"
2025-08-26 15:32:26,601 - httpx - INFO - HTTP Request: PATCH https://efcdjsrumdrhmpingglp.supabase.co/rest/v1/reviews_coupangeats?id=eq.b20c49a5-3229-4399-9398-131353a07881 "HTTP/1.1 200 OK"
2025-08-26 15:32:28,966 - httpx - INFO - HTTP Request: PATCH https://efcdjsrumdrhmpingglp.supabase.co/rest/v1/reviews_coupangeats?id=eq.9cc53cf4-d5f4-41cf-a145-9649c955e93b "HTTP/1.1 200 OK"
2025-08-26 15:35:10,520 - httpx - INFO - HTTP Request: GET https://efcdjsrumdrhmpingglp.supabase.co/rest/v1/platform_stores?select=platform_store_id%2C%20platform_id%2C%20platform_pw%2C%20store_name&id=eq.2b509c12-4575-4610-b13c-a6bd35571c5d&platform=eq.coupangeats "HTTP/1.1 200 OK"
2025-08-26 15:35:10,603 - httpx - INFO - HTTP Request: GET https://efcdjsrumdrhmpingglp.supabase.co/rest/v1/reviews_coupangeats?select=id%2C%20coupangeats_review_id%2C%20reviewer_name%2C%20review_text%2C%20reply_text%2C%20reply_status&platform_store_id=eq.2b509c12-4575-4610-b13c-a6bd35571c5d&reply_status=eq.draft&reply_text=neq.None&limit=1 "HTTP/1.1 200 OK"
2025-08-26 15:35:34,693 - httpx - INFO - HTTP Request: PATCH https://efcdjsrumdrhmpingglp.supabase.co/rest/v1/reviews_coupangeats?id=eq.94c5437c-7b05-4938-8f6a-c5c24a9080f9 "HTTP/1.1 200 OK"
2025-08-26 15:41:08,779 - httpx - INFO - HTTP Request: GET https://efcdjsrumdrhmpingglp.supabase.co/rest/v1/platform_stores?select=platform_store_id%2C%20platform_id%2C%20platform_pw%2C%20store_name&id=eq.2b509c12-4575-4610-b13c-a6bd35571c5d&platform=eq.coupangeats "HTTP/1.1 200 OK"
2025-08-26 15:41:08,839 - httpx - INFO - HTTP Request: GET https://efcdjsrumdrhmpingglp.supabase.co/rest/v1/reviews_coupangeats?select=id%2C%20coupangeats_review_id%2C%20reviewer_name%2C%20review_text%2C%20reply_text%2C%20reply_status&platform_store_id=eq.2b509c12-4575-4610-b13c-a6bd35571c5d&reply_status=eq.draft&reply_text=neq.None&limit=2 "HTTP/1.1 200 OK"
2025-08-26 15:41:44,854 - httpx - INFO - HTTP Request: GET https://efcdjsrumdrhmpingglp.supabase.co/rest/v1/platform_stores?select=platform_store_id%2C%20platform_id%2C%20platform_pw%2C%20store_name&id=eq.2b509c12-4575-4610-b13c-a6bd35571c5d&platform=eq.coupangeats "HTTP/1.1 200 OK"
2025-08-26 15:41:44,911 - httpx - INFO - HTTP Request: GET https://efcdjsrumdrhmpingglp.supabase.co/rest/v1/reviews_coupangeats?select=id%2C%20coupangeats_review_id%2C%20reviewer_name%2C%20review_text%2C%20reply_text%2C%20reply_status&platform_store_id=eq.2b509c12-4575-4610-b13c-a6bd35571c5d&reply_status=eq.draft&reply_text=neq.None&limit=1 "HTTP/1.1 200 OK"
2025-08-26 15:42:55,443 - httpx - INFO - HTTP Request: GET https://efcdjsrumdrhmpingglp.supabase.co/rest/v1/platform_stores?select=platform_store_id%2C%20platform_id%2C%20platform_pw%2C%20store_name&id=eq.2b509c12-4575-4610-b13c-a6bd35571c5d&platform=eq.coupangeats "HTTP/1.1 200 OK"
2025-08-26 15:42:55,532 - httpx - INFO - HTTP Request: GET https://efcdjsrumdrhmpingglp.supabase.co/rest/v1/reviews_coupangeats?select=id%2C%20coupangeats_review_id%2C%20reviewer_name%2C%20review_text%2C%20reply_text%2C%20reply_status&platform_store_id=eq.2b509c12-4575-4610-b13c-a6bd35571c5d&reply_status=eq.draft&reply_text=neq.None&limit=1 "HTTP/1.1 200 OK"
2025-08-26 15:44:01,021 - httpx - INFO - HTTP Request: GET https://efcdjsrumdrhmpingglp.supabase.co/rest/v1/platform_stores?select=platform_store_id%2C%20platform_id%2C%20platform_pw%2C%20store_name&id=eq.2b509c12-4575-4610-b13c-a6bd35571c5d&platform=eq.coupangeats "HTTP/1.1 200 OK"
2025-08-26 15:44:01,098 - httpx - INFO - HTTP Request: GET https://efcdjsrumdrhmpingglp.supabase.co/rest/v1/reviews_coupangeats?select=id%2C%20coupangeats_review_id%2C%20reviewer_name%2C%20review_text%2C%20reply_text%2C%20reply_status&platform_store_id=eq.2b509c12-4575-4610-b13c-a6bd35571c5d&reply_status=eq.draft&reply_text=neq.None&limit=1 "HTTP/1.1 200 OK"
2025-08-26 15:44:46,567 - httpx - INFO - HTTP Request: GET https://efcdjsrumdrhmpingglp.supabase.co/rest/v1/platform_stores?select=platform_store_id%2C%20platform_id%2C%20platform_pw%2C%20store_name&id=eq.2b509c12-4575-4610-b13c-a6bd35571c5d&platform=eq.coupangeats "HTTP/1.1 200 OK"
2025-08-26 15:44:46,635 - httpx - INFO - HTTP Request: GET https://efcdjsrumdrhmpingglp.supabase.co/rest/v1/reviews_coupangeats?select=id%2C%20coupangeats_review_id%2C%20reviewer_name%2C%20review_text%2C%20reply_text%2C%20reply_status&platform_store_id=eq.2b509c12-4575-4610-b13c-a6bd35571c5d&reply_status=eq.draft&reply_text=neq.None&limit=2 "HTTP/1.1 200 OK"
2025-08-26 15:46:25,453 - httpx - INFO - HTTP Request: GET https://efcdjsrumdrhmpingglp.supabase.co/rest/v1/platform_stores?select=platform_store_id%2C%20platform_id%2C%20platform_pw%2C%20store_name&id=eq.2b509c12-4575-4610-b13c-a6bd35571c5d&platform=eq.coupangeats "HTTP/1.1 200 OK"
2025-08-26 15:46:25,509 - httpx - INFO - HTTP Request: GET https://efcdjsrumdrhmpingglp.supabase.co/rest/v1/reviews_coupangeats?select=id%2C%20coupangeats_review_id%2C%20reviewer_name%2C%20review_text%2C%20reply_text%2C%20reply_status&platform_store_id=eq.2b509c12-4575-4610-b13c-a6bd35571c5d&reply_status=eq.draft&reply_text=neq.None&limit=5 "HTTP/1.1 200 OK"
2025-08-26 15:53:07,469 - httpx - INFO - HTTP Request: GET https://efcdjsrumdrhmpingglp.supabase.co/rest/v1/platform_stores?select=platform_store_id%2C%20platform_id%2C%20platform_pw%2C%20store_name&id=eq.2b509c12-4575-4610-b13c-a6bd35571c5d&platform=eq.coupangeats "HTTP/1.1 200 OK"
2025-08-26 15:53:07,537 - httpx - INFO - HTTP Request: GET https://efcdjsrumdrhmpingglp.supabase.co/rest/v1/reviews_coupangeats?select=id%2C%20coupangeats_review_id%2C%20reviewer_name%2C%20review_text%2C%20reply_text%2C%20reply_status&platform_store_id=eq.2b509c12-4575-4610-b13c-a6bd35571c5d&reply_status=eq.draft&reply_text=neq.None&limit=3 "HTTP/1.1 200 OK"
2025-08-26 15:53:48,234 - httpx - INFO - HTTP Request: GET https://efcdjsrumdrhmpingglp.supabase.co/rest/v1/platform_stores?select=platform_store_id%2C%20platform_id%2C%20platform_pw%2C%20store_name&id=eq.2b509c12-4575-4610-b13c-a6bd35571c5d&platform=eq.coupangeats "HTTP/1.1 200 OK"
2025-08-26 15:53:48,306 - httpx - INFO - HTTP Request: GET https://efcdjsrumdrhmpingglp.supabase.co/rest/v1/reviews_coupangeats?select=id%2C%20coupangeats_review_id%2C%20reviewer_name%2C%20review_text%2C%20reply_text%2C%20reply_status&platform_store_id=eq.2b509c12-4575-4610-b13c-a6bd35571c5d&reply_status=eq.draft&reply_text=neq.None&limit=1 "HTTP/1.1 200 OK"
2025-08-26 15:54:28,274 - httpx - INFO - HTTP Request: PATCH https://efcdjsrumdrhmpingglp.supabase.co/rest/v1/reviews_coupangeats?id=eq.61bde366-b7dd-4889-bba7-fb0a35bb4103 "HTTP/1.1 200 OK"
2025-08-26 15:56:29,253 - httpx - INFO - HTTP Request: GET https://efcdjsrumdrhmpingglp.supabase.co/rest/v1/platform_stores?select=platform_store_id%2C%20platform_id%2C%20platform_pw%2C%20store_name&id=eq.2b509c12-4575-4610-b13c-a6bd35571c5d&platform=eq.coupangeats "HTTP/1.1 200 OK"
2025-08-26 15:56:29,339 - httpx - INFO - HTTP Request: GET https://efcdjsrumdrhmpingglp.supabase.co/rest/v1/reviews_coupangeats?select=id%2C%20coupangeats_review_id%2C%20reviewer_name%2C%20review_text%2C%20reply_text%2C%20reply_status&platform_store_id=eq.2b509c12-4575-4610-b13c-a6bd35571c5d&reply_status=eq.draft&reply_text=neq.None&limit=1 "HTTP/1.1 200 OK"
2025-08-26 15:57:10,905 - httpx - INFO - HTTP Request: PATCH https://efcdjsrumdrhmpingglp.supabase.co/rest/v1/reviews_coupangeats?id=eq.cdd63d5e-92a8-44df-aee3-112907b9eb74 "HTTP/1.1 200 OK"
2025-08-26 15:57:31,320 - httpx - INFO - HTTP Request: GET https://efcdjsrumdrhmpingglp.supabase.co/rest/v1/platform_stores?select=platform_store_id%2C%20platform_id%2C%20platform_pw%2C%20store_name&id=eq.2b509c12-4575-4610-b13c-a6bd35571c5d&platform=eq.coupangeats "HTTP/1.1 200 OK"
2025-08-26 15:57:31,384 - httpx - INFO - HTTP Request: GET https://efcdjsrumdrhmpingglp.supabase.co/rest/v1/reviews_coupangeats?select=id%2C%20coupangeats_review_id%2C%20reviewer_name%2C%20review_text%2C%20reply_text%2C%20reply_status&platform_store_id=eq.2b509c12-4575-4610-b13c-a6bd35571c5d&reply_status=eq.draft&reply_text=neq.None&limit=2 "HTTP/1.1 200 OK"
2025-08-26 15:58:17,768 - httpx - INFO - HTTP Request: PATCH https://efcdjsrumdrhmpingglp.supabase.co/rest/v1/reviews_coupangeats?id=eq.fc9953b3-1ec1-4764-9683-e6431d69389a "HTTP/1.1 200 OK"
2025-08-26 15:58:26,510 - httpx - INFO - HTTP Request: PATCH https://efcdjsrumdrhmpingglp.supabase.co/rest/v1/reviews_coupangeats?id=eq.b20c49a5-3229-4399-9398-131353a07881 "HTTP/1.1 200 OK"
